#
# A fatal error has been detected by the Java Runtime Environment:
#
#  SIGSEGV (0xb) at pc=0xacd46695, pid=5336, tid=1915415360
#
# JRE version: 7.0_02-b13
# Java VM: Java HotSpot(TM) Server VM (22.0-b10 mixed mode linux-x86 )
# Problematic frame:
# C  0xacd46695
#
# Failed to write core dump. Core dumps have been disabled. To enable core dumping, try "ulimit -c unlimited" before starting Java again
#
# If you would like to submit a bug report, please visit:
#   http://bugreport.sun.com/bugreport/crash.jsp
#

---------------  T H R E A D  ---------------

Current thread (0x702aa400):  JavaThread "FileSystemWatcher: files=#248 cl=java.net.URLClassLoader@17951f3" daemon [_thread_in_Java, id=5386, stack(0x7225e000,0x722af000)]

siginfo:si_signo=SIGSEGV: si_errno=0, si_code=128 (), si_addr=0x00000000

Registers:
EAX=0x14d46690, EBX=0x722ad7e0, ECX=0x722ad7b8, EDX=0x00000000
ESP=0x722ad7e0, EBP=0x722ad7f8, ESI=0xacd46690, EDI=0x00000000
EIP=0xacd46695, EFLAGS=0x00210207, CR2=0x00000000

Top of Stack: (sp=0x722ad7e0)
0x722ad7e0:   780992b8 ffffffff 00001fa0 015984a4
0x722ad7f0:   721f5894 722ad844 722ad888 011d7bd5
0x722ad800:   722ad844 722ada14 0000000a 780992b8
0x722ad810:   b4501ac0 722ad98c 00000000 702aa400
0x722ad820:   722ad844 722ad864 b4501ac0 0000000a
0x722ad830:   008c05c4 b44f8374 00000000 b7508338
0x722ad840:   b75084d8 702aa400 702a8218 780992b8
0x722ad850:   00000000 722adb30 b4502de8 722adb6c 

Instructions: (pc=0xacd46695)
0xacd46675:   67 80 85 50 60 d4 ac 18 0a a3 85 50 8b a2 85 58
0xacd46685:   66 d4 ac 01 00 00 00 00 00 00 00 05 00 00 00 68
0xacd46695:   6f 97 74 a0 63 d4 ac 00 00 00 00 00 00 00 00 00
0xacd466a5:   00 00 00 00 00 00 00 00 00 00 00 00 00 00 00 00 

Register to memory mapping:

EAX=0x14d46690 is an unknown value
EBX=0x722ad7e0 is pointing into the stack for thread: 0x702aa400
ECX=0x722ad7b8 is pointing into the stack for thread: 0x702aa400
EDX=0x00000000 is an unknown value
ESP=0x722ad7e0 is pointing into the stack for thread: 0x702aa400
EBP=0x722ad7f8 is pointing into the stack for thread: 0x702aa400
ESI=0xacd46690 is an oop
java.util.Collections$UnmodifiableSet 
 - klass: 'java/util/Collections$UnmodifiableSet'
EDI=0x00000000 is an unknown value


Stack: [0x7225e000,0x722af000],  sp=0x722ad7e0,  free space=317k
Native frames: (J=compiled Java code, j=interpreted, Vv=VM code, C=native code)
C  0xacd46695
V  [libjvm.so+0x3e8bd5]  JavaCalls::call_helper(JavaValue*, methodHandle*, JavaCallArguments*, Thread*)+0x315
V  [libjvm.so+0x5a1bc9]  os::os_exception_wrapper(void (*)(JavaValue*, methodHandle*, JavaCallArguments*, Thread*), JavaValue*, methodHandle*, JavaCallArguments*, Thread*)+0x19
V  [libjvm.so+0x3e79ef]  JavaCalls::call(JavaValue*, methodHandle, JavaCallArguments*, Thread*)+0x2f
V  [libjvm.so+0x607526]  Reflection::invoke(instanceKlassHandle, methodHandle, Handle, bool, objArrayHandle, BasicType, objArrayHandle, bool, Thread*)+0x3c6
V  [libjvm.so+0x6094ca]  Reflection::invoke_method(oopDesc*, Handle, objArrayHandle, Thread*)+0x15a
V  [libjvm.so+0x436283]  JVM_InvokeMethod+0x233
C  [libjava.so+0x152e2]  Java_sun_reflect_NativeMethodAccessorImpl_invoke0+0x32
j  sun.reflect.NativeMethodAccessorImpl.invoke0(Ljava/lang/reflect/Method;Ljava/lang/Object;[Ljava/lang/Object;)Ljava/lang/Object;+0
j  sun.reflect.NativeMethodAccessorImpl.invoke(Ljava/lang/Object;[Ljava/lang/Object;)Ljava/lang/Object;+87


---------------  P R O C E S S  ---------------

Java Threads: ( => current thread )
  0x70f99c00 JavaThread "FileSystemWatcher: files=#3 cl=groovy.lang.GroovyClassLoader@13b432c" daemon [_thread_blocked, id=5712, stack(0x6f227000,0x6f278000)]
  0x73d69c00 JavaThread "process reaper" daemon [_thread_blocked, id=5683, stack(0x74013000,0x74022000)]
  0x09838000 JavaThread "FileSystemWatcher: files=#2 cl=groovy.lang.GroovyClassLoader@6df7a4" daemon [_thread_blocked, id=5625, stack(0x6e685000,0x6e6d6000)]
  0x09795400 JavaThread "FileSystemWatcher: files=#2 cl=groovy.lang.GroovyClassLoader@785017" daemon [_thread_blocked, id=5623, stack(0x6e6d6000,0x6e727000)]
  0x09d56c00 JavaThread "FileSystemWatcher: files=#2 cl=groovy.lang.GroovyClassLoader@1de17df" daemon [_thread_blocked, id=5572, stack(0x6e727000,0x6e778000)]
  0x0994a000 JavaThread "FileSystemWatcher: files=#2 cl=groovy.lang.GroovyClassLoader@1d1d64c" daemon [_thread_blocked, id=5489, stack(0x6e7c9000,0x6e81a000)]
  0x70304c00 JavaThread "Thread-15" [_thread_in_vm, id=5424, stack(0x6eb0d000,0x6eb5e000)]
  0x70304800 JavaThread "Thread-14" daemon [_thread_blocked, id=5423, stack(0x6eb5e000,0x6ebaf000)]
  0x6fe96c00 JavaThread "Thread-13" [_thread_in_native, id=5422, stack(0x6ebaf000,0x6ec00000)]
  0x7015ac00 JavaThread "pool-2-thread-5" [_thread_blocked, id=5398, stack(0x6f842000,0x6f893000)]
  0x70159400 JavaThread "pool-2-thread-4" [_thread_blocked, id=5397, stack(0x6fd0d000,0x6fd5e000)]
  0x70dc0c00 JavaThread "pool-2-thread-3" [_thread_blocked, id=5396, stack(0x6fd5e000,0x6fdaf000)]
  0x70dbf400 JavaThread "pool-2-thread-2" [_thread_blocked, id=5395, stack(0x6fdaf000,0x6fe00000)]
  0x70dbe000 JavaThread "pool-2-thread-1" [_thread_blocked, id=5394, stack(0x6ff1a000,0x6ff6b000)]
  0x703da800 JavaThread "pool-1-thread-5" [_thread_blocked, id=5391, stack(0x6ffbc000,0x7000d000)]
  0x703d9000 JavaThread "pool-1-thread-4" [_thread_blocked, id=5390, stack(0x7000d000,0x7005e000)]
  0x703d8000 JavaThread "pool-1-thread-3" [_thread_blocked, id=5389, stack(0x7005e000,0x700af000)]
  0x7018e400 JavaThread "pool-1-thread-2" [_thread_blocked, id=5388, stack(0x700af000,0x70100000)]
  0x70df4c00 JavaThread "pool-1-thread-1" [_thread_blocked, id=5387, stack(0x7220d000,0x7225e000)]
=>0x702aa400 JavaThread "FileSystemWatcher: files=#248 cl=java.net.URLClassLoader@17951f3" daemon [_thread_in_Java, id=5386, stack(0x7225e000,0x722af000)]
  0x70d1e400 JavaThread "Synchronizer (Spring UAA/1.0.1)" daemon [_thread_blocked, id=5364, stack(0x722af000,0x72300000)]
  0x70c7dc00 JavaThread "Timer-0" daemon [_thread_blocked, id=5363, stack(0x72747000,0x72798000)]
  0x7363f400 JavaThread "Service Thread" daemon [_thread_blocked, id=5354, stack(0x734ad000,0x734fe000)]
  0x7363d400 JavaThread "C2 CompilerThread1" daemon [_thread_blocked, id=5353, stack(0x734fe000,0x7357f000)]
  0x7363c000 JavaThread "C2 CompilerThread0" daemon [_thread_blocked, id=5352, stack(0x7357f000,0x73600000)]
  0xb75ec800 JavaThread "Signal Dispatcher" daemon [_thread_blocked, id=5351, stack(0x7376d000,0x737be000)]
  0xb75b2c00 JavaThread "Finalizer" daemon [_thread_blocked, id=5350, stack(0x73af0000,0x73b41000)]
  0xb75b1000 JavaThread "Reference Handler" daemon [_thread_blocked, id=5349, stack(0x73e2e000,0x73e7f000)]
  0xb7506000 JavaThread "main" [_thread_blocked, id=5345, stack(0xb76fe000,0xb774f000)]

Other Threads:
  0xb75ab400 VMThread [stack: 0x73e7f000,0x73f00000] [id=5348]
  0x7365b800 WatcherThread [stack: 0x7342c000,0x734ad000] [id=5355]

VM state:not at safepoint (normal execution)

VM Mutex/Monitor currently owned by a thread: None

Heap
 PSYoungGen      total 243200K, used 153349K [0xa44f0000, 0xb44f0000, 0xb44f0000)
  eden space 224256K, 65% used [0xa44f0000,0xad3ddc80,0xb1ff0000)
  from space 18944K, 36% used [0xb1ff0000,0xb26c3930,0xb3270000)
  to   space 17984K, 0% used [0xb3360000,0xb3360000,0xb44f0000)
 PSOldGen        total 524288K, used 172149K [0x844f0000, 0xa44f0000, 0xa44f0000)
  object space 524288K, 32% used [0x844f0000,0x8ed0d648,0xa44f0000)
 PSPermGen       total 262144K, used 61093K [0x744f0000, 0x844f0000, 0x844f0000)
  object space 262144K, 23% used [0x744f0000,0x780995a0,0x844f0000)

Code Cache  [0xb44f8000, 0xb4d68000, 0xb74f8000)
 total_blobs=2633 nmethods=2213 adapters=372 free_code_cache=40579Kb largest_free_block=41488576

Dynamic libraries:
00110000-0011c000 r-xp 00000000 08:05 1055330    /usr/local/java/jdk1.7.0_02/jre/lib/i386/libverify.so
0011c000-0011d000 rw-p 0000c000 08:05 1055330    /usr/local/java/jdk1.7.0_02/jre/lib/i386/libverify.so
0011d000-00124000 r-xp 00000000 08:05 139671     /lib/i386-linux-gnu/libnss_compat-2.15.so
00124000-00125000 r--p 00006000 08:05 139671     /lib/i386-linux-gnu/libnss_compat-2.15.so
00125000-00126000 rw-p 00007000 08:05 139671     /lib/i386-linux-gnu/libnss_compat-2.15.so
00126000-0013c000 r-xp 00000000 08:05 139577     /lib/i386-linux-gnu/libnsl-2.15.so
0013c000-0013d000 r--p 00015000 08:05 139577     /lib/i386-linux-gnu/libnsl-2.15.so
0013d000-0013e000 rw-p 00016000 08:05 139577     /lib/i386-linux-gnu/libnsl-2.15.so
0013e000-00140000 rw-p 00000000 00:00 0 
00140000-00142000 r-xp 00000000 08:05 135419     /lib/libnss_mdns4_minimal.so.2
00142000-00143000 r--p 00001000 08:05 135419     /lib/libnss_mdns4_minimal.so.2
00143000-00144000 rw-p 00002000 08:05 135419     /lib/libnss_mdns4_minimal.so.2
0014b000-00162000 r-xp 00000000 08:05 139691     /lib/i386-linux-gnu/libpthread-2.15.so
00162000-00163000 r--p 00016000 08:05 139691     /lib/i386-linux-gnu/libpthread-2.15.so
00163000-00164000 rw-p 00017000 08:05 139691     /lib/i386-linux-gnu/libpthread-2.15.so
00164000-00166000 rw-p 00000000 00:00 0 
00166000-00305000 r-xp 00000000 08:05 138694     /lib/i386-linux-gnu/libc-2.15.so
00305000-00307000 r--p 0019f000 08:05 138694     /lib/i386-linux-gnu/libc-2.15.so
00307000-00308000 rw-p 001a1000 08:05 138694     /lib/i386-linux-gnu/libc-2.15.so
00308000-0030b000 rw-p 00000000 00:00 0 
0030b000-00316000 r-xp 00000000 08:05 139674     /lib/i386-linux-gnu/libnss_files-2.15.so
00316000-00317000 r--p 0000a000 08:05 139674     /lib/i386-linux-gnu/libnss_files-2.15.so
00317000-00318000 rw-p 0000b000 08:05 139674     /lib/i386-linux-gnu/libnss_files-2.15.so
00318000-0032b000 r-xp 00000000 08:05 139693     /lib/i386-linux-gnu/libresolv-2.15.so
0032b000-0032c000 ---p 00013000 08:05 139693     /lib/i386-linux-gnu/libresolv-2.15.so
0032c000-0032d000 r--p 00013000 08:05 139693     /lib/i386-linux-gnu/libresolv-2.15.so
0032d000-0032e000 rw-p 00014000 08:05 139693     /lib/i386-linux-gnu/libresolv-2.15.so
0032e000-00330000 rw-p 00000000 00:00 0 
003f3000-003fd000 r-xp 00000000 08:05 139682     /lib/i386-linux-gnu/libnss_nis-2.15.so
003fd000-003fe000 r--p 00009000 08:05 139682     /lib/i386-linux-gnu/libnss_nis-2.15.so
003fe000-003ff000 rw-p 0000a000 08:05 139682     /lib/i386-linux-gnu/libnss_nis-2.15.so
00404000-0040b000 r-xp 00000000 08:05 139944     /lib/i386-linux-gnu/librt-2.15.so
0040b000-0040c000 r--p 00006000 08:05 139944     /lib/i386-linux-gnu/librt-2.15.so
0040c000-0040d000 rw-p 00007000 08:05 139944     /lib/i386-linux-gnu/librt-2.15.so
00457000-0046b000 r-xp 00000000 08:05 1055360    /usr/local/java/jdk1.7.0_02/jre/lib/i386/libnet.so
0046b000-0046c000 rw-p 00014000 08:05 1055360    /usr/local/java/jdk1.7.0_02/jre/lib/i386/libnet.so
004d4000-004fe000 r-xp 00000000 08:05 139575     /lib/i386-linux-gnu/libm-2.15.so
004fe000-004ff000 r--p 00029000 08:05 139575     /lib/i386-linux-gnu/libm-2.15.so
004ff000-00500000 rw-p 0002a000 08:05 139575     /lib/i386-linux-gnu/libm-2.15.so
0051f000-0052d000 r-xp 00000000 08:05 1055365    /usr/local/java/jdk1.7.0_02/jre/lib/i386/libnio.so
0052d000-0052e000 rw-p 0000e000 08:05 1055365    /usr/local/java/jdk1.7.0_02/jre/lib/i386/libnio.so
005dc000-005df000 r-xp 00000000 08:05 139574     /lib/i386-linux-gnu/libdl-2.15.so
005df000-005e0000 r--p 00002000 08:05 139574     /lib/i386-linux-gnu/libdl-2.15.so
005e0000-005e1000 rw-p 00003000 08:05 139574     /lib/i386-linux-gnu/libdl-2.15.so
0072c000-00748000 r-xp 00000000 08:05 182128     /lib/i386-linux-gnu/libgcc_s.so.1
00748000-00749000 r--p 0001b000 08:05 182128     /lib/i386-linux-gnu/libgcc_s.so.1
00749000-0074a000 rw-p 0001c000 08:05 182128     /lib/i386-linux-gnu/libgcc_s.so.1
008af000-008b6000 r-xp 00000000 08:05 1055355    /usr/local/java/jdk1.7.0_02/jre/lib/i386/libmanagement.so
008b6000-008b7000 rw-p 00006000 08:05 1055355    /usr/local/java/jdk1.7.0_02/jre/lib/i386/libmanagement.so
008bd000-008c6000 r-xp 00000000 08:05 1055354    /usr/local/java/jdk1.7.0_02/jre/lib/i386/libinstrument.so
008c6000-008c7000 rw-p 00008000 08:05 1055354    /usr/local/java/jdk1.7.0_02/jre/lib/i386/libinstrument.so
0093d000-00970000 r-xp 00000000 08:05 1055367    /usr/local/java/jdk1.7.0_02/jre/lib/i386/libsunec.so
00970000-00974000 rw-p 00032000 08:05 1055367    /usr/local/java/jdk1.7.0_02/jre/lib/i386/libsunec.so
00974000-00978000 rw-p 00000000 00:00 0 
00a2f000-00a52000 r-xp 00000000 08:05 1055347    /usr/local/java/jdk1.7.0_02/jre/lib/i386/libjava.so
00a52000-00a53000 rw-p 00023000 08:05 1055347    /usr/local/java/jdk1.7.0_02/jre/lib/i386/libjava.so
00a55000-00a75000 r-xp 00000000 08:05 138684     /lib/i386-linux-gnu/ld-2.15.so
00a75000-00a76000 r--p 0001f000 08:05 138684     /lib/i386-linux-gnu/ld-2.15.so
00a76000-00a77000 rw-p 00020000 08:05 138684     /lib/i386-linux-gnu/ld-2.15.so
00a9b000-00aa0000 r-xp 00000000 08:05 139672     /lib/i386-linux-gnu/libnss_dns-2.15.so
00aa0000-00aa1000 r--p 00004000 08:05 139672     /lib/i386-linux-gnu/libnss_dns-2.15.so
00aa1000-00aa2000 rw-p 00005000 08:05 139672     /lib/i386-linux-gnu/libnss_dns-2.15.so
00b61000-00b62000 r-xp 00000000 00:00 0          [vdso]
00cfc000-00d0d000 r-xp 00000000 08:05 397956     /tmp/jna7110592921508444671.tmp
00d0d000-00d0e000 rw-p 00011000 08:05 397956     /tmp/jna7110592921508444671.tmp
00d63000-00d7a000 r-xp 00000000 08:05 1055377    /usr/local/java/jdk1.7.0_02/jre/lib/i386/libzip.so
00d7a000-00d7b000 rw-p 00017000 08:05 1055377    /usr/local/java/jdk1.7.0_02/jre/lib/i386/libzip.so
00ddb000-00dee000 r-xp 00000000 08:05 1055349    /usr/local/java/jdk1.7.0_02/jre/lib/i386/jli/libjli.so
00dee000-00def000 rw-p 00012000 08:05 1055349    /usr/local/java/jdk1.7.0_02/jre/lib/i386/jli/libjli.so
00def000-0155d000 r-xp 00000000 08:05 1055376    /usr/local/java/jdk1.7.0_02/jre/lib/i386/server/libjvm.so
0155d000-015ac000 rw-p 0076d000 08:05 1055376    /usr/local/java/jdk1.7.0_02/jre/lib/i386/server/libjvm.so
015ac000-019cb000 rw-p 00000000 00:00 0 
08048000-08049000 r-xp 00000000 08:05 1048389    /usr/local/java/jdk1.7.0_02/bin/java
08049000-0804a000 rw-p 00000000 08:05 1048389    /usr/local/java/jdk1.7.0_02/bin/java
09513000-0b1ab000 rw-p 00000000 00:00 0          [heap]
6e5e3000-6e5e6000 ---p 00000000 00:00 0 
6e5e6000-6e634000 rw-p 00000000 00:00 0 
6e634000-6e637000 ---p 00000000 00:00 0 
6e637000-6e685000 rw-p 00000000 00:00 0 
6e685000-6e688000 ---p 00000000 00:00 0 
6e688000-6e6d6000 rw-p 00000000 00:00 0 
6e6d6000-6e6d9000 ---p 00000000 00:00 0 
6e6d9000-6e727000 rw-p 00000000 00:00 0 
6e727000-6e72a000 ---p 00000000 00:00 0 
6e72a000-6e778000 rw-p 00000000 00:00 0 
6e778000-6e77b000 ---p 00000000 00:00 0 
6e77b000-6e7c9000 rw-p 00000000 00:00 0 
6e7c9000-6e7cc000 ---p 00000000 00:00 0 
6e7cc000-6e81a000 rw-p 00000000 00:00 0 
6e81a000-6e81d000 ---p 00000000 00:00 0 
6e81d000-6e86b000 rw-p 00000000 00:00 0 
6e86b000-6e86e000 ---p 00000000 00:00 0 
6e86e000-6e8bc000 rw-p 00000000 00:00 0 
6e8bc000-6e8bf000 ---p 00000000 00:00 0 
6e8bf000-6e90d000 rw-p 00000000 00:00 0 
6e90d000-6e910000 ---p 00000000 00:00 0 
6e910000-6e95e000 rw-p 00000000 00:00 0 
6e95e000-6e961000 ---p 00000000 00:00 0 
6e961000-6e9af000 rw-p 00000000 00:00 0 
6e9af000-6e9b2000 ---p 00000000 00:00 0 
6e9b2000-6ea00000 rw-p 00000000 00:00 0 
6ea00000-6eace000 rw-p 00000000 00:00 0 
6eace000-6eb00000 ---p 00000000 00:00 0 
6eb0d000-6eb10000 ---p 00000000 00:00 0 
6eb10000-6eb5e000 rw-p 00000000 00:00 0 
6eb5e000-6eb61000 ---p 00000000 00:00 0 
6eb61000-6ebaf000 rw-p 00000000 00:00 0 
6ebaf000-6ebb2000 ---p 00000000 00:00 0 
6ebb2000-6ec00000 rw-p 00000000 00:00 0 
6ec00000-6edf0000 rw-p 00000000 00:00 0 
6edf0000-6ee00000 ---p 00000000 00:00 0 
6ee00000-6f100000 rw-p 00000000 00:00 0 
6f100000-6f1f7000 rw-p 00000000 00:00 0 
6f1f7000-6f200000 ---p 00000000 00:00 0 
6f227000-6f22a000 ---p 00000000 00:00 0 
6f22a000-6f278000 rw-p 00000000 00:00 0 
6f278000-6f27b000 ---p 00000000 00:00 0 
6f27b000-6f2c9000 rw-p 00000000 00:00 0 
6f2c9000-6f2cc000 ---p 00000000 00:00 0 
6f2cc000-6f31a000 rw-p 00000000 00:00 0 
6f31a000-6f31d000 ---p 00000000 00:00 0 
6f31d000-6f36b000 rw-p 00000000 00:00 0 
6f36b000-6f36e000 ---p 00000000 00:00 0 
6f36e000-6f3bc000 rw-p 00000000 00:00 0 
6f3bc000-6f3bf000 ---p 00000000 00:00 0 
6f3bf000-6f40d000 rw-p 00000000 00:00 0 
6f40d000-6f410000 ---p 00000000 00:00 0 
6f410000-6f45e000 rw-p 00000000 00:00 0 
6f45e000-6f461000 ---p 00000000 00:00 0 
6f461000-6f4af000 rw-p 00000000 00:00 0 
6f4af000-6f4b2000 ---p 00000000 00:00 0 
6f4b2000-6f500000 rw-p 00000000 00:00 0 
6f500000-6f5ff000 rw-p 00000000 00:00 0 
6f5ff000-6f600000 ---p 00000000 00:00 0 
6f60d000-6f610000 ---p 00000000 00:00 0 
6f610000-6f65e000 rw-p 00000000 00:00 0 
6f65e000-6f661000 ---p 00000000 00:00 0 
6f661000-6f6af000 rw-p 00000000 00:00 0 
6f6af000-6f6b2000 ---p 00000000 00:00 0 
6f6b2000-6f700000 rw-p 00000000 00:00 0 
6f700000-6f7ff000 rw-p 00000000 00:00 0 
6f7ff000-6f800000 ---p 00000000 00:00 0 
6f842000-6f845000 ---p 00000000 00:00 0 
6f845000-6f893000 rw-p 00000000 00:00 0 
6f8af000-6f8b2000 ---p 00000000 00:00 0 
6f8b2000-6f900000 rw-p 00000000 00:00 0 
6f900000-6f9fa000 rw-p 00000000 00:00 0 
6f9fa000-6fa00000 ---p 00000000 00:00 0 
6fa0d000-6fa10000 ---p 00000000 00:00 0 
6fa10000-6fa5e000 rw-p 00000000 00:00 0 
6fa5e000-6fa61000 ---p 00000000 00:00 0 
6fa61000-6faaf000 rw-p 00000000 00:00 0 
6faaf000-6fab2000 ---p 00000000 00:00 0 
6fab2000-6fb00000 rw-p 00000000 00:00 0 
6fb00000-6fbfb000 rw-p 00000000 00:00 0 
6fbfb000-6fc00000 ---p 00000000 00:00 0 
6fc00000-6fcff000 rw-p 00000000 00:00 0 
6fcff000-6fd00000 ---p 00000000 00:00 0 
6fd0d000-6fd10000 ---p 00000000 00:00 0 
6fd10000-6fd5e000 rw-p 00000000 00:00 0 
6fd5e000-6fd61000 ---p 00000000 00:00 0 
6fd61000-6fdaf000 rw-p 00000000 00:00 0 
6fdaf000-6fdb2000 ---p 00000000 00:00 0 
6fdb2000-6fe00000 rw-p 00000000 00:00 0 
6fe00000-6ff00000 rw-p 00000000 00:00 0 
6ff1a000-6ff1d000 ---p 00000000 00:00 0 
6ff1d000-6ff6b000 rw-p 00000000 00:00 0 
6ff6b000-6ff6e000 ---p 00000000 00:00 0 
6ff6e000-6ffbc000 rw-p 00000000 00:00 0 
6ffbc000-6ffbf000 ---p 00000000 00:00 0 
6ffbf000-7000d000 rw-p 00000000 00:00 0 
7000d000-70010000 ---p 00000000 00:00 0 
70010000-7005e000 rw-p 00000000 00:00 0 
7005e000-70061000 ---p 00000000 00:00 0 
70061000-700af000 rw-p 00000000 00:00 0 
700af000-700b2000 ---p 00000000 00:00 0 
700b2000-70100000 rw-p 00000000 00:00 0 
70100000-701fb000 rw-p 00000000 00:00 0 
701fb000-70200000 ---p 00000000 00:00 0 
70200000-702fe000 rw-p 00000000 00:00 0 
702fe000-70300000 ---p 00000000 00:00 0 
70300000-703f9000 rw-p 00000000 00:00 0 
703f9000-70400000 ---p 00000000 00:00 0 
70400000-704fe000 rw-p 00000000 00:00 0 
704fe000-70500000 ---p 00000000 00:00 0 
70500000-705f9000 rw-p 00000000 00:00 0 
705f9000-70600000 ---p 00000000 00:00 0 
70600000-70700000 rw-p 00000000 00:00 0 
70700000-70900000 rw-p 00000000 00:00 0 
70900000-70b00000 rw-p 00000000 00:00 0 
70b00000-70bfc000 rw-p 00000000 00:00 0 
70bfc000-70c00000 ---p 00000000 00:00 0 
70c00000-70dfc000 rw-p 00000000 00:00 0 
70dfc000-70e00000 ---p 00000000 00:00 0 
70e00000-71000000 rw-p 00000000 00:00 0 
71000000-710fa000 rw-p 00000000 00:00 0 
710fa000-71100000 ---p 00000000 00:00 0 
71100000-71200000 rw-p 00000000 00:00 0 
71200000-71400000 rw-p 00000000 00:00 0 
71400000-71600000 rw-p 00000000 00:00 0 
71600000-71800000 rw-p 00000000 00:00 0 
71800000-71a00000 rw-p 00000000 00:00 0 
71a00000-71bfc000 rw-p 00000000 00:00 0 
71bfc000-71c00000 ---p 00000000 00:00 0 
71c00000-71e00000 rw-p 00000000 00:00 0 
71e00000-71eff000 rw-p 00000000 00:00 0 
71eff000-71f00000 ---p 00000000 00:00 0 
71f00000-72100000 rw-p 00000000 00:00 0 
72100000-721f9000 rw-p 00000000 00:00 0 
721f9000-72200000 ---p 00000000 00:00 0 
72201000-72207000 r--s 00067000 08:05 1047715    /home/mateusz/.grails/ivy-cache/antlr/antlr/jars/antlr-2.7.6.jar
7220d000-72210000 ---p 00000000 00:00 0 
72210000-7225e000 rw-p 00000000 00:00 0 
7225e000-72261000 ---p 00000000 00:00 0 
72261000-722af000 rw-p 00000000 00:00 0 
722af000-722b2000 ---p 00000000 00:00 0 
722b2000-72300000 rw-p 00000000 00:00 0 
72300000-72400000 rw-p 00000000 00:00 0 
72400000-72500000 rw-p 00000000 00:00 0 
72500000-72600000 rw-p 00000000 00:00 0 
72600000-72700000 rw-p 00000000 00:00 0 
72702000-7270d000 r--s 00370000 08:05 1055550    /usr/local/java/jdk1.7.0_02/jre/lib/charsets.jar
7270d000-72718000 r--s 00370000 08:05 1055550    /usr/local/java/jdk1.7.0_02/jre/lib/charsets.jar
72718000-7273c000 r--p 00000000 08:05 148004     /usr/share/locale-langpack/pl/LC_MESSAGES/libc.mo
7273c000-72740000 r--s 0002d000 08:05 1055318    /usr/local/java/jdk1.7.0_02/jre/lib/ext/sunjce_provider.jar
72740000-72744000 r--s 00037000 08:05 1055322    /usr/local/java/jdk1.7.0_02/jre/lib/ext/sunpkcs11.jar
72744000-72747000 r--s 00018000 08:05 1055621    /usr/local/java/jdk1.7.0_02/jre/lib/jce.jar
72747000-7274a000 ---p 00000000 00:00 0 
7274a000-72798000 rw-p 00000000 00:00 0 
7279c000-7279d000 r--s 00001000 08:05 162904     /home/mateusz/.grails/ivy-cache/org.grails.plugins/hibernate/zips/hibernate-2.1.1.zip
727a2000-727a9000 r--s 00000000 08:05 796244     /usr/lib/i386-linux-gnu/gconv/gconv-modules.cache
727a9000-727ab000 r--s 00009000 08:05 154445     /home/mateusz/.grails/ivy-cache/org.hamcrest/hamcrest-core/jars/hamcrest-core-1.2.jar
727ab000-727b2000 r--s 00036000 08:05 16536      /home/mateusz/.grails/ivy-cache/junit/junit-dep/jars/junit-dep-4.9.jar
727b2000-727bd000 r--s 00057000 08:05 175091     /home/mateusz/.grails/ivy-cache/org.spockframework/spock-core/jars/spock-core-0.6-groovy-1.8.jar
727bd000-727bf000 r--s 00011000 08:05 175090     /home/mateusz/.grails/ivy-cache/org.spockframework/spock-grails-support/jars/spock-grails-support-0.6-groovy-1.8.jar
727bf000-727c3000 r--s 0002f000 08:05 48569      /home/mateusz/.grails/ivy-cache/org.grails/grails-test/jars/grails-test-2.1.1.jar
727c3000-727c9000 r--s 0006c000 08:05 48568      /home/mateusz/.grails/ivy-cache/org.grails/grails-plugin-testing/jars/grails-plugin-testing-2.1.1.jar
727c9000-727da000 r--s 000d2000 08:05 950435     /home/mateusz/.grails/ivy-cache/org.liquibase/liquibase-core/jars/liquibase-core-2.0.5.jar
727da000-727db000 r--s 00002000 08:05 131097     /home/mateusz/.grails/ivy-cache/org.hibernate/hibernate-ehcache/jars/hibernate-ehcache-3.6.10.Final.jar
727db000-727e0000 r--s 00068000 08:05 1063684    /home/mateusz/.grails/ivy-cache/antlr/antlr/jars/antlr-2.7.7.jar
727e0000-727e9000 r--s 00098000 08:05 976912     /home/mateusz/.grails/ivy-cache/org.javassist/javassist/jars/javassist-3.16.1-GA.jar
727e9000-727ec000 r--s 00009000 08:05 154383     /home/mateusz/.grails/ivy-cache/javax.validation/validation-api/jars/validation-api-1.0.0.GA.jar
727ec000-727f3000 r--s 00040000 08:05 154369     /home/mateusz/.grails/ivy-cache/org.hibernate/hibernate-validator/jars/hibernate-validator-4.1.0.Final.jar
727f3000-727f5000 r--s 00000000 08:05 1487       /home/mateusz/.grails/ivy-cache/org.slf4j/jul-to-slf4j/jars/jul-to-slf4j-1.6.2.jar
727f5000-727f7000 r--s 00003000 08:05 1485       /home/mateusz/.grails/ivy-cache/org.slf4j/jcl-over-slf4j/jars/jcl-over-slf4j-1.6.2.jar
727f7000-72800000 r--s 0006d000 08:05 1483       /home/mateusz/.grails/ivy-cache/log4j/log4j/bundles/log4j-1.2.16.jar
72800000-728fd000 rw-p 00000000 00:00 0 
728fd000-72900000 ---p 00000000 00:00 0 
72901000-72916000 r--s 000e3000 08:05 1481       /home/mateusz/.grails/ivy-cache/net.sf.ehcache/ehcache-core/jars/ehcache-core-2.4.6.jar
72916000-72918000 r--s 00005000 08:05 1479       /home/mateusz/.grails/ivy-cache/xpp3/xpp3_min/jars/xpp3_min-1.1.4c.jar
72918000-7291a000 r--s 00004000 08:05 1477       /home/mateusz/.grails/ivy-cache/javax.servlet/jstl/jars/jstl-1.1.2.jar
7291a000-72924000 r--s 0012c000 08:05 32795      /home/mateusz/.grails/ivy-cache/com.h2database/h2/jars/h2-1.3.164.jar
72924000-72927000 r--s 00016000 08:05 1473       /home/mateusz/.grails/ivy-cache/commons-pool/commons-pool/jars/commons-pool-1.5.6.jar
72927000-7292a000 r--s 00025000 08:05 1471       /home/mateusz/.grails/ivy-cache/commons-dbcp/commons-dbcp/jars/commons-dbcp-1.4.jar
7292a000-7292c000 r--s 0000e000 08:05 1469       /home/mateusz/.grails/ivy-cache/oro/oro/jars/oro-2.0.8.jar
7292c000-7292e000 r--s 0000d000 08:05 1467       /home/mateusz/.grails/ivy-cache/commons-fileupload/commons-fileupload/jars/commons-fileupload-1.2.2.jar
7292e000-7292f000 r--s 0000a000 08:05 1465       /home/mateusz/.grails/ivy-cache/asm/asm/jars/asm-3.1.jar
7292f000-72936000 r--s 0003e000 08:05 1463       /home/mateusz/.grails/ivy-cache/cglib/cglib/jars/cglib-2.2.jar
72936000-7293a000 r--s 00019000 08:05 1461       /home/mateusz/.grails/ivy-cache/org.aspectj/aspectjrt/jars/aspectjrt-1.6.10.jar
7293a000-72950000 r--s 00184000 08:05 1459       /home/mateusz/.grails/ivy-cache/org.aspectj/aspectjweaver/jars/aspectjweaver-1.6.10.jar
72950000-72952000 r--s 00013000 08:05 974259     /home/mateusz/.grails/ivy-cache/xml-resolver/xml-resolver/jars/xml-resolver-1.2.jar
72952000-72969000 r--s 00112000 08:05 162992     /home/mateusz/.grails/ivy-cache/xerces/xercesImpl/jars/xercesImpl-2.8.1.jar
72969000-7296c000 r--s 0001a000 08:05 162988     /home/mateusz/.grails/ivy-cache/net.sourceforge.nekohtml/nekohtml/jars/nekohtml-1.9.9.jar
7296c000-7296f000 r--s 00013000 08:05 974258     /home/mateusz/.grails/ivy-cache/net.sf.ezmorph/ezmorph/jars/ezmorph-1.0.6.jar
7296f000-72973000 r--s 00022000 08:05 974227     /home/mateusz/.grails/ivy-cache/net.sf.json-lib/json-lib/jars/json-lib-2.3-jdk15.jar
72973000-72975000 r--s 0000d000 08:05 154425     /home/mateusz/.grails/ivy-cache/commons-logging/commons-logging/jars/commons-logging-1.1.1.jar
72975000-7297a000 r--s 00026000 08:05 162990     /home/mateusz/.grails/ivy-cache/org.apache.httpcomponents/httpcore/jars/httpcore-4.0.1.jar
7297a000-72981000 r--s 00041000 08:05 162986     /home/mateusz/.grails/ivy-cache/org.apache.httpcomponents/httpclient/jars/httpclient-4.0.3.jar
72981000-72983000 r--s 00024000 08:05 974257     /home/mateusz/.grails/ivy-cache/org.codehaus.groovy.modules.http-builder/http-builder/jars/http-builder-0.5.1.jar
72983000-7298a000 r--s 00066000 08:05 922474     /home/mateusz/.grails/ivy-cache/org.quartz-scheduler/quartz/jars/quartz-1.8.4.jar
7298a000-7298d000 r--s 0000f000 08:05 154381     /home/mateusz/.grails/ivy-cache/org.hibernate/hibernate-commons-annotations/jars/hibernate-commons-annotations-3.2.0.Final.jar
7298d000-72992000 r--s 00048000 08:05 154373     /home/mateusz/.grails/ivy-cache/dom4j/dom4j/jars/dom4j-1.6.1.jar
72992000-729c4000 r--s 002c9000 08:05 131095     /home/mateusz/.grails/ivy-cache/org.hibernate/hibernate-core/jars/hibernate-core-3.6.10.Final.jar
729c4000-729cb000 r--s 00056000 08:05 48567      /home/mateusz/.grails/ivy-cache/org.grails/grails-datastore-simple/jars/grails-datastore-simple-1.1.0.RELEASE.jar
729cb000-729d4000 r--s 00044000 08:05 48566      /home/mateusz/.grails/ivy-cache/org.grails/grails-datastore-core/jars/grails-datastore-core-1.1.0.RELEASE.jar
729d4000-729d9000 r--s 0004c000 08:05 48565      /home/mateusz/.grails/ivy-cache/org.grails/grails-datastore-gorm/jars/grails-datastore-gorm-1.1.0.RELEASE.jar
729d9000-729e4000 r--s 00082000 08:05 48564      /home/mateusz/.grails/ivy-cache/org.springframework/spring-webmvc/jars/spring-webmvc-3.1.2.RELEASE.jar
729e4000-729f0000 r--s 0007a000 08:05 48563      /home/mateusz/.grails/ivy-cache/org.springframework/spring-web/jars/spring-web-3.1.2.RELEASE.jar
729f0000-729f7000 r--s 00035000 08:05 48562      /home/mateusz/.grails/ivy-cache/org.springframework/spring-tx/jars/spring-tx-3.1.2.RELEASE.jar
729f7000-72a00000 r--s 00054000 08:05 48561      /home/mateusz/.grails/ivy-cache/org.springframework/spring-orm/jars/spring-orm-3.1.2.RELEASE.jar
72a00000-72ae1000 rw-p 00000000 00:00 0 
72ae1000-72b00000 ---p 00000000 00:00 0 
72b00000-72b03000 r--s 00018000 08:05 48557      /home/mateusz/.grails/ivy-cache/org.springframework/spring-context-support/jars/spring-context-support-3.1.2.RELEASE.jar
72b03000-72b18000 r--s 000b7000 08:05 48556      /home/mateusz/.grails/ivy-cache/org.springframework/spring-context/jars/spring-context-3.1.2.RELEASE.jar
72b18000-72b24000 r--s 00085000 08:05 48555      /home/mateusz/.grails/ivy-cache/org.springframework/spring-beans/jars/spring-beans-3.1.2.RELEASE.jar
72b24000-72b25000 r--s 0000c000 08:05 48554      /home/mateusz/.grails/ivy-cache/org.springframework/spring-asm/jars/spring-asm-3.1.2.RELEASE.jar
72b25000-72b27000 r--s 0000b000 08:05 48553      /home/mateusz/.grails/ivy-cache/org.springframework/spring-aspects/jars/spring-aspects-3.1.2.RELEASE.jar
72b27000-72b30000 r--s 00049000 08:05 48552      /home/mateusz/.grails/ivy-cache/org.springframework/spring-aop/jars/spring-aop-3.1.2.RELEASE.jar
72b30000-72b3a000 r--s 00064000 08:05 48551      /home/mateusz/.grails/ivy-cache/org.springframework/spring-core/jars/spring-core-3.1.2.RELEASE.jar
72b3a000-72b3c000 r--s 00008000 08:05 48550      /home/mateusz/.grails/ivy-cache/org.grails/grails-plugin-validation/jars/grails-plugin-validation-2.1.1.jar
72b3c000-72b3f000 r--s 0001c000 08:05 48549      /home/mateusz/.grails/ivy-cache/org.grails/grails-plugin-url-mappings/jars/grails-plugin-url-mappings-2.1.1.jar
72b3f000-72b41000 r--s 0000f000 08:05 48548      /home/mateusz/.grails/ivy-cache/org.grails/grails-plugin-mimetypes/jars/grails-plugin-mimetypes-2.1.1.jar
72b41000-72b43000 r--s 00005000 08:05 48547      /home/mateusz/.grails/ivy-cache/org.grails/grails-plugin-servlets/jars/grails-plugin-servlets-2.1.1.jar
72b43000-72b44000 r--s 00008000 08:05 48546      /home/mateusz/.grails/ivy-cache/org.grails/grails-plugin-services/jars/grails-plugin-services-2.1.1.jar
72b44000-72b46000 r--s 00006000 08:05 48545      /home/mateusz/.grails/ivy-cache/org.grails/grails-plugin-scaffolding/jars/grails-plugin-scaffolding-2.1.1.jar
72b46000-72b48000 r--s 0000e000 08:05 48544      /home/mateusz/.grails/ivy-cache/org.grails/grails-plugin-log4j/jars/grails-plugin-log4j-2.1.1.jar
72b48000-72b4a000 r--s 00005000 08:05 48543      /home/mateusz/.grails/ivy-cache/org.grails/grails-plugin-i18n/jars/grails-plugin-i18n-2.1.1.jar
72b4a000-72b51000 r--s 0006d000 08:05 48542      /home/mateusz/.grails/ivy-cache/org.grails/grails-plugin-gsp/jars/grails-plugin-gsp-2.1.1.jar
72b51000-72b53000 r--s 0000e000 08:05 48541      /home/mateusz/.grails/ivy-cache/org.grails/grails-plugin-filters/jars/grails-plugin-filters-2.1.1.jar
72b53000-72b55000 r--s 00009000 08:05 48540      /home/mateusz/.grails/ivy-cache/org.grails/grails-plugin-datasource/jars/grails-plugin-datasource-2.1.1.jar
72b55000-72b59000 r--s 00024000 08:05 48539      /home/mateusz/.grails/ivy-cache/org.grails/grails-plugin-converters/jars/grails-plugin-converters-2.1.1.jar
72b59000-72b5c000 r--s 00019000 08:05 48538      /home/mateusz/.grails/ivy-cache/org.grails/grails-plugin-domain-class/jars/grails-plugin-domain-class-2.1.1.jar
72b5c000-72b60000 r--s 00028000 08:05 48537      /home/mateusz/.grails/ivy-cache/org.grails/grails-plugin-controllers/jars/grails-plugin-controllers-2.1.1.jar
72b60000-72b62000 r--s 00015000 08:05 48536      /home/mateusz/.grails/ivy-cache/org.grails/grails-plugin-codecs/jars/grails-plugin-codecs-2.1.1.jar
72b62000-72b63000 r--s 00000000 08:05 48535      /home/mateusz/.grails/ivy-cache/org.grails/grails-logging/jars/grails-logging-2.1.1.jar
72b63000-72b65000 r--s 00009000 08:05 48534      /home/mateusz/.grails/ivy-cache/org.grails/grails-spring/jars/grails-spring-2.1.1.jar
72b65000-72b6f000 r--s 0008a000 08:05 48533      /home/mateusz/.grails/ivy-cache/org.grails/grails-hibernate/jars/grails-hibernate-2.1.1.jar
72b6f000-72b71000 r--s 00009000 08:05 48532      /home/mateusz/.grails/ivy-cache/org.grails/grails-crud/jars/grails-crud-2.1.1.jar
72b71000-72b77000 r--s 00027000 08:05 1385       /home/mateusz/.grails/ivy-cache/opensymphony/sitemesh/jars/sitemesh-2.4.jar
72b77000-72b7c000 r--s 00015000 08:05 1383       /home/mateusz/.grails/ivy-cache/org.hibernate.javax.persistence/hibernate-jpa-2.0-api/jars/hibernate-jpa-2.0-api-1.0.1.Final.jar
72b7c000-72b7d000 r--s 00003000 08:05 1381       /home/mateusz/.grails/ivy-cache/javax.transaction/jta/jars/jta-1.1.jar
72b7d000-72b82000 r--s 00041000 08:05 1379       /home/mateusz/.grails/ivy-cache/commons-lang/commons-lang/jars/commons-lang-2.6.jar
72b82000-72b85000 r--s 00025000 08:05 1377       /home/mateusz/.grails/ivy-cache/commons-io/commons-io/jars/commons-io-2.1.jar
72b85000-72b93000 r--s 0007f000 08:05 1375       /home/mateusz/.grails/ivy-cache/commons-collections/commons-collections/jars/commons-collections-3.2.1.jar
72b93000-72b95000 r--s 00010000 08:05 1373       /home/mateusz/.grails/ivy-cache/commons-codec/commons-codec/jars/commons-codec-1.5.jar
72b95000-72b97000 r--s 00000000 08:05 1371       /home/mateusz/.grails/ivy-cache/aopalliance/aopalliance/jars/aopalliance-1.0.jar
72b97000-72b9a000 r--s 0001f000 08:05 1369       /home/mateusz/.grails/ivy-cache/commons-validator/commons-validator/jars/commons-validator-1.3.1.jar
72b9a000-72b9d000 r--s 00019000 08:05 1367       /home/mateusz/.grails/ivy-cache/commons-el/commons-el/jars/commons-el-1.0.jar
72b9d000-72ba2000 r--s 00034000 08:05 1062586    /home/mateusz/.grails/ivy-cache/commons-beanutils/commons-beanutils/jars/commons-beanutils-1.8.3.jar
72ba2000-72c00000 r--s 00592000 08:05 976675     /home/mateusz/.grails/ivy-cache/org.codehaus.groovy/groovy-all/jars/groovy-all-1.8.8.jar
72c00000-72cdc000 rw-p 00000000 00:00 0 
72cdc000-72d00000 ---p 00000000 00:00 0 
72d00000-72de1000 rw-p 00000000 00:00 0 
72de1000-72e00000 ---p 00000000 00:00 0 
72e00000-72f00000 rw-p 00000000 00:00 0 
72f00000-72ff0000 rw-p 00000000 00:00 0 
72ff0000-73000000 ---p 00000000 00:00 0 
73000000-730fd000 rw-p 00000000 00:00 0 
730fd000-73100000 ---p 00000000 00:00 0 
73100000-73200000 rw-p 00000000 00:00 0 
73200000-73201000 r--s 00003000 08:05 1055320    /usr/local/java/jdk1.7.0_02/jre/lib/ext/sunec.jar
73203000-73208000 r--s 0002c000 08:05 48560      /home/mateusz/.grails/ivy-cache/org.springframework/spring-jms/jars/spring-jms-3.1.2.RELEASE.jar
73208000-73212000 r--s 00059000 08:05 48559      /home/mateusz/.grails/ivy-cache/org.springframework/spring-jdbc/jars/spring-jdbc-3.1.2.RELEASE.jar
73212000-73216000 r--s 00027000 08:05 48558      /home/mateusz/.grails/ivy-cache/org.springframework/spring-expression/jars/spring-expression-3.1.2.RELEASE.jar
73216000-73218000 r--s 0000d000 08:05 48572      /home/mateusz/.grails/ivy-cache/org.grails/grails-plugin-tomcat/jars/grails-plugin-tomcat-2.1.1.jar
73218000-73228000 r--s 0019c000 08:05 162910     /home/mateusz/.grails/ivy-cache/org.eclipse.jdt.core.compiler/ecj/jars/ecj-3.7.2.jar
73228000-7322a000 r--s 00008000 08:05 976763     /home/mateusz/.grails/ivy-cache/org.apache.tomcat.embed/tomcat-embed-logging-juli/jars/tomcat-embed-logging-juli-7.0.30.jar
7322a000-7322c000 r--s 00013000 08:05 976672     /home/mateusz/.grails/ivy-cache/org.apache.tomcat.embed/tomcat-embed-logging-log4j/jars/tomcat-embed-logging-log4j-7.0.30.jar
7322c000-73237000 r--s 000b6000 08:05 976671     /home/mateusz/.grails/ivy-cache/org.apache.tomcat.embed/tomcat-embed-jasper/jars/tomcat-embed-jasper-7.0.30.jar
73237000-73259000 r--s 00254000 08:05 976670     /home/mateusz/.grails/ivy-cache/org.apache.tomcat.embed/tomcat-embed-core/jars/tomcat-embed-core-7.0.30.jar
73259000-7325b000 r--s 0000c000 08:05 1059753    /home/mateusz/.grails/ivy-cache/org.apache.tomcat/tomcat-catalina-ant/jars/tomcat-catalina-ant-7.0.30.jar
7325b000-7325c000 r--s 00001000 08:05 1113       /home/mateusz/.grails/ivy-cache/org.apache.ant/ant-trax/jars/ant-trax-1.7.1.jar
7325c000-7325e000 r--s 00017000 08:05 1111       /home/mateusz/.grails/ivy-cache/org.apache.ant/ant-junit/jars/ant-junit-1.8.2.jar
7325e000-73260000 r--s 00002000 08:05 1109       /home/mateusz/.grails/ivy-cache/org.apache.ant/ant-launcher/jars/ant-launcher-1.8.2.jar
73260000-7327e000 r--s 001bb000 08:05 1107       /home/mateusz/.grails/ivy-cache/org.apache.ant/ant/jars/ant-1.8.2.jar
7327e000-73285000 r--s 00037000 08:05 1105       /home/mateusz/.grails/ivy-cache/junit/junit/jars/junit-4.10.jar
73285000-73292000 r--s 000b7000 08:05 48454      /home/mateusz/.grails/ivy-cache/org.grails/grails-web/jars/grails-web-2.1.1.jar
73292000-73296000 r--s 00088000 08:05 1055385    /usr/local/java/jdk1.7.0_02/jre/lib/jsse.jar
73296000-73300000 r--s 00e07000 08:05 1048344    /usr/local/java/jdk1.7.0_02/lib/tools.jar
73300000-733f7000 rw-p 00000000 00:00 0 
733f7000-73400000 ---p 00000000 00:00 0 
73400000-73401000 r--s 00001000 08:05 974256     /home/mateusz/.grails/ivy-cache/com.lazythought/easyhash/jars/easyhash-1.0.jar
73401000-73404000 r--s 0000b000 08:05 1103       /home/mateusz/.grails/ivy-cache/com.googlecode.concurrentlinkedhashmap/concurrentlinkedhashmap-lru/jars/concurrentlinkedhashmap-lru-1.2_jdk5.jar
73404000-7340a000 r--s 00033000 08:05 48455      /home/mateusz/.grails/ivy-cache/org.springframework/spring-test/jars/spring-test-3.1.2.RELEASE.jar
7340a000-73418000 r--s 000b5000 08:05 48452      /home/mateusz/.grails/ivy-cache/org.grails/grails-core/jars/grails-core-2.1.1.jar
73418000-73423000 r--s 000fe000 08:05 48451      /home/mateusz/.grails/ivy-cache/org.grails/grails-scripts/jars/grails-scripts-2.1.1.jar
73423000-7342c000 r--s 000a8000 08:05 48450      /home/mateusz/.grails/ivy-cache/org.grails/grails-bootstrap/jars/grails-bootstrap-2.1.1.jar
7342c000-7342d000 ---p 00000000 00:00 0 
7342d000-734ad000 rw-p 00000000 00:00 0 
734ad000-734b0000 ---p 00000000 00:00 0 
734b0000-734fe000 rw-p 00000000 00:00 0 
734fe000-73501000 ---p 00000000 00:00 0 
73501000-7357f000 rw-p 00000000 00:00 0 
7357f000-73582000 ---p 00000000 00:00 0 
73582000-73600000 rw-p 00000000 00:00 0 
73600000-736fc000 rw-p 00000000 00:00 0 
736fc000-73700000 ---p 00000000 00:00 0 
73700000-7370f000 r--s 000d9000 08:05 935925     /home/mateusz/.grails/ivy-cache/org.apache.ivy/ivy/jars/ivy-2.2.0.jar
7370f000-7376d000 r--s 00592000 08:05 972326     /usr/local/grails/grails-2.1.1/lib/org.codehaus.groovy/groovy-all/jars/groovy-all-1.8.8.jar
7376d000-73770000 ---p 00000000 00:00 0 
73770000-737be000 rw-p 00000000 00:00 0 
737be000-738f0000 r--p 002c8000 08:05 785163     /usr/lib/locale/locale-archive
738f0000-73af0000 r--p 00000000 08:05 785163     /usr/lib/locale/locale-archive
73af0000-73af3000 ---p 00000000 00:00 0 
73af3000-73b41000 rw-p 00000000 00:00 0 
73b41000-73d00000 r--s 039ff000 08:05 1048402    /usr/local/java/jdk1.7.0_02/jre/lib/rt.jar
73d00000-73dfd000 rw-p 00000000 00:00 0 
73dfd000-73e00000 ---p 00000000 00:00 0 
73e00000-73e03000 r--s 00026000 08:05 48453      /home/mateusz/.grails/ivy-cache/org.grails/grails-resources/jars/grails-resources-2.1.1.jar
73e03000-73e06000 r--s 00044000 08:05 48449      /home/mateusz/.grails/ivy-cache/org.grails/grails-docs/jars/grails-docs-2.1.1.jar
73e06000-73e09000 r--s 00041000 08:05 1085       /home/mateusz/.grails/ivy-cache/xalan/serializer/jars/serializer-2.7.1.jar
73e09000-73e2e000 r--s 00172000 08:05 1075       /home/mateusz/.grails/ivy-cache/org.bouncycastle/bcprov-jdk15/jars/bcprov-jdk15-1.45.jar
73e2e000-73e31000 ---p 00000000 00:00 0 
73e31000-73e7f000 rw-p 00000000 00:00 0 
73e7f000-73e80000 ---p 00000000 00:00 0 
73e80000-73f00000 rw-p 00000000 00:00 0 
73f00000-73f79000 rw-p 00000000 00:00 0 
73f79000-74000000 ---p 00000000 00:00 0 
74000000-74002000 r--s 00005000 08:05 1099       /home/mateusz/.grails/ivy-cache/org.slf4j/slf4j-api/jars/slf4j-api-1.6.2.jar
74002000-74005000 r--s 000cf000 08:05 1083       /home/mateusz/.grails/ivy-cache/net.java.dev.jna/jna/jars/jna-3.2.3.jar
74005000-7400a000 r--s 00024000 08:05 1073       /home/mateusz/.grails/ivy-cache/org.bouncycastle/bcpg-jdk15/jars/bcpg-jdk15-1.45.jar
7400a000-74013000 r--s 00254000 08:05 1055312    /usr/local/java/jdk1.7.0_02/jre/lib/resources.jar
74013000-74016000 ---p 00000000 00:00 0 
74016000-7406d000 rw-p 00000000 00:00 0 
7406d000-7406e000 ---p 00000000 00:00 0 
7406e000-740ee000 rw-p 00000000 00:00 0 
740ee000-740ef000 ---p 00000000 00:00 0 
740ef000-7436f000 rw-p 00000000 00:00 0 
7436f000-b44f0000 rw-p 00000000 00:00 0 
b44f0000-b44f2000 r--s 00008000 08:05 1081       /home/mateusz/.grails/ivy-cache/org.fusesource.jansi/jansi/jars/jansi-1.2.1.jar
b44f2000-b44f8000 r--s 00068000 08:05 1053223    /home/mateusz/.grails/ivy-cache/com.google.protobuf/protobuf-java/jars/protobuf-java-2.4.1.jar
b44f8000-b4d68000 rwxp 00000000 00:00 0 
b4d68000-b74f8000 rw-p 00000000 00:00 0 
b74f8000-b7500000 rw-s 00000000 08:05 397824     /tmp/hsperfdata_mateusz/5336
b7500000-b75f6000 rw-p 00000000 00:00 0 
b75f6000-b7600000 ---p 00000000 00:00 0 
b7600000-b7602000 r--s 00015000 08:05 1079       /home/mateusz/.grails/ivy-cache/jline/jline/jars/jline-1.0.jar
b7602000-b7605000 r--s 0001a000 08:05 1062574    /home/mateusz/.grails/ivy-cache/org.springframework.uaa/org.springframework.uaa.client/bundles/org.springframework.uaa.client-1.0.1.RELEASE.jar
b7605000-b7607000 r--s 00001000 08:05 1055317    /usr/local/java/jdk1.7.0_02/jre/lib/ext/dnsns.jar
b7607000-b760c000 r--s 00050000 08:05 972325     /usr/local/grails/grails-2.1.1/lib/org.codehaus.gant/gant_groovy1.8/jars/gant_groovy1.8-1.9.6.jar
b760c000-b762a000 r--s 001bb000 08:05 972295     /usr/local/grails/grails-2.1.1/lib/org.apache.ant/ant/jars/ant-1.8.2.jar
b762a000-b7639000 r--s 000d9000 08:05 972303     /usr/local/grails/grails-2.1.1/lib/org.apache.ivy/ivy/jars/ivy-2.2.0.jar
b7639000-b763b000 r--s 00009000 08:05 972240     /usr/local/grails/grails-2.1.1/lib/commons-cli/commons-cli/jars/commons-cli-1.2.jar
b763b000-b763e000 r--s 000cf000 08:05 972287     /usr/local/grails/grails-2.1.1/lib/net.java.dev.jna/jna/jars/jna-3.2.3.jar
b763e000-b7660000 rw-p 00000000 00:00 0 
b7660000-b76fe000 rw-p 00000000 00:00 0 
b76fe000-b7701000 ---p 00000000 00:00 0 
b7701000-b7751000 rw-p 00000000 00:00 0 
b7751000-b7752000 r--s 00003000 08:05 1062578    /home/mateusz/.grails/ivy-cache/com.googlecode.json-simple/json-simple/jars/json-simple-1.1.jar
b7752000-b7754000 r--s 00008000 08:05 972329     /usr/local/grails/grails-2.1.1/lib/org.fusesource.jansi/jansi/jars/jansi-1.2.1.jar
b7754000-b7756000 r--s 00015000 08:05 972281     /usr/local/grails/grails-2.1.1/lib/jline/jline/jars/jline-1.0.jar
b7756000-b775d000 r--s 00067000 08:05 972236     /usr/local/grails/grails-2.1.1/lib/com.springsource.springloaded/springloaded-core/jars/springloaded-core-1.0.6.jar
b775d000-b7766000 r--s 000a8000 08:05 976633     /usr/local/grails/grails-2.1.1/dist/grails-bootstrap-2.1.1.jar
b7766000-b7767000 rw-p 00000000 00:00 0 
b7767000-b7768000 r--p 00000000 00:00 0 
b7768000-b776a000 rw-p 00000000 00:00 0 
bfe38000-bfe59000 rw-p 00000000 00:00 0          [stack]

VM Arguments:
jvm_args: -Xmx768M -Xms768M -XX:PermSize=256m -XX:MaxPermSize=256m -Dfile.encoding=UTF-8 -javaagent:/usr/local/grails/grails-2.1.1/lib/com.springsource.springloaded/springloaded-core/jars/springloaded-core-1.0.6.jar -Xverify:none -Dspringloaded=profile=grails;cacheDir=/home/mateusz/.grails/2.1.1/ -Dgrails.home=/usr/local/grails/grails-2.1.1 -Dtools.jar=/usr/local/java/jdk1.7.0_02/lib/tools.jar 
java_command: org.codehaus.groovy.grails.cli.support.GrailsStarter --main org.codehaus.groovy.grails.cli.GrailsScriptRunner --conf /usr/local/grails/grails-2.1.1/conf/groovy-starter.conf --classpath 
Launcher Type: SUN_STANDARD

Environment Variables:
JAVA_HOME=/usr/local/java/jdk1.7.0_02
PATH=/usr/lib/lightdm/lightdm:/usr/local/sbin:/usr/local/bin:/usr/sbin:/usr/bin:/sbin:/bin:/usr/games:/home/mateusz/bin:/usr/local/java/jdk1.7.0_02/bin:/home/mateusz/bin:/usr/local/java/jdk1.7.0_02/bin:/usr/local/groovy/groovy-1.8.4/bin:/usr/local/grails/grails-2.1.1/bin
SHELL=/bin/bash
DISPLAY=:0

Signal Handlers:
SIGSEGV: [libjvm.so+0x6e2860], sa_mask[0]=0x7ffbfeff, sa_flags=0x10000004
SIGBUS: [libjvm.so+0x6e2860], sa_mask[0]=0x7ffbfeff, sa_flags=0x10000004
SIGFPE: [libjvm.so+0x5a3810], sa_mask[0]=0x7ffbfeff, sa_flags=0x10000004
SIGPIPE: [libjvm.so+0x5a3810], sa_mask[0]=0x7ffbfeff, sa_flags=0x10000004
SIGXFSZ: [libjvm.so+0x5a3810], sa_mask[0]=0x7ffbfeff, sa_flags=0x10000004
SIGILL: [libjvm.so+0x5a3810], sa_mask[0]=0x7ffbfeff, sa_flags=0x10000004
SIGUSR1: SIG_DFL, sa_mask[0]=0x00000000, sa_flags=0x00000000
SIGUSR2: [libjvm.so+0x5a3110], sa_mask[0]=0x00000000, sa_flags=0x10000004
SIGHUP: [libjvm.so+0x5a56e0], sa_mask[0]=0x7ffbfeff, sa_flags=0x10000004
SIGINT: [libjvm.so+0x5a56e0], sa_mask[0]=0x7ffbfeff, sa_flags=0x10000004
SIGTERM: [libjvm.so+0x5a56e0], sa_mask[0]=0x7ffbfeff, sa_flags=0x10000004
SIGQUIT: [libjvm.so+0x5a56e0], sa_mask[0]=0x7ffbfeff, sa_flags=0x10000004


---------------  S Y S T E M  ---------------

OS:wheezy/sid

uname:Linux 3.2.0-23-generic #36-Ubuntu SMP Tue Apr 10 20:41:14 UTC 2012 i686
libc:glibc 2.15 NPTL 2.15 
rlimit: STACK 8192k, CORE 0k, NPROC 24015, NOFILE 4096, AS infinity
load average:1,98 1,21 1,11

/proc/meminfo:
MemTotal:        3088488 kB
MemFree:          320340 kB
Buffers:          116340 kB
Cached:          1085392 kB
SwapCached:        24208 kB
Active:          1925164 kB
Inactive:         718616 kB
Active(anon):    1632232 kB
Inactive(anon):   398228 kB
Active(file):     292932 kB
Inactive(file):   320388 kB
Unevictable:          16 kB
Mlocked:              16 kB
HighTotal:       2226696 kB
HighFree:          27928 kB
LowTotal:         861792 kB
LowFree:          292412 kB
SwapTotal:       3133436 kB
SwapFree:        3027788 kB
Dirty:              2972 kB
Writeback:             0 kB
AnonPages:       1420056 kB
Mapped:           108052 kB
Shmem:            588240 kB
Slab:              91052 kB
SReclaimable:      72296 kB
SUnreclaim:        18756 kB
KernelStack:        4064 kB
PageTables:        12616 kB
NFS_Unstable:          0 kB
Bounce:                0 kB
WritebackTmp:          0 kB
CommitLimit:     4677680 kB
Committed_AS:    5689164 kB
VmallocTotal:     122880 kB
VmallocUsed:       18864 kB
VmallocChunk:      86956 kB
HardwareCorrupted:     0 kB
AnonHugePages:         0 kB
HugePages_Total:       0
HugePages_Free:        0
HugePages_Rsvd:        0
HugePages_Surp:        0
Hugepagesize:       4096 kB
DirectMap4k:       24568 kB
DirectMap4M:      884736 kB


CPU:total 2 (2 cores per cpu, 1 threads per core) family 6 model 14 stepping 8, cmov, cx8, fxsr, mmx, sse, sse2, sse3

/proc/cpuinfo:
processor	: 0
vendor_id	: GenuineIntel
cpu family	: 6
model		: 14
model name	: Genuine Intel(R) CPU           T2300  @ 1.66GHz
stepping	: 8
microcode	: 0x39
cpu MHz		: 1000.000
cache size	: 2048 KB
physical id	: 0
siblings	: 2
core id		: 0
cpu cores	: 2
apicid		: 0
initial apicid	: 0
fdiv_bug	: no
hlt_bug		: no
f00f_bug	: no
coma_bug	: no
fpu		: yes
fpu_exception	: yes
cpuid level	: 10
wp		: yes
flags		: fpu vme de pse tsc msr pae mce cx8 apic mtrr pge mca cmov clflush dts acpi mmx fxsr sse sse2 ss ht tm pbe nx constant_tsc arch_perfmon bts aperfmperf pni monitor est tm2 xtpr pdcm dts
bogomips	: 3324.80
clflush size	: 64
cache_alignment	: 64
address sizes	: 32 bits physical, 32 bits virtual
power management:

processor	: 1
vendor_id	: GenuineIntel
cpu family	: 6
model		: 14
model name	: Genuine Intel(R) CPU           T2300  @ 1.66GHz
stepping	: 8
microcode	: 0x39
cpu MHz		: 1667.000
cache size	: 2048 KB
physical id	: 0
siblings	: 2
core id		: 1
cpu cores	: 2
apicid		: 1
initial apicid	: 1
fdiv_bug	: no
hlt_bug		: no
f00f_bug	: no
coma_bug	: no
fpu		: yes
fpu_exception	: yes
cpuid level	: 10
wp		: yes
flags		: fpu vme de pse tsc msr pae mce cx8 apic mtrr pge mca cmov clflush dts acpi mmx fxsr sse sse2 ss ht tm pbe nx constant_tsc arch_perfmon bts aperfmperf pni monitor est tm2 xtpr pdcm dts
bogomips	: 3325.11
clflush size	: 64
cache_alignment	: 64
address sizes	: 32 bits physical, 32 bits virtual
power management:



Memory: 4k page, physical 3088488k(320340k free), swap 3133436k(3027788k free)

vm_info: Java HotSpot(TM) Server VM (22.0-b10) for linux-x86 JRE (1.7.0_02-b13), built on Nov 17 2011 13:24:17 by "java_re" with gcc 4.3.0 20080428 (Red Hat 4.3.0-8)

time: Thu Nov  1 14:51:59 2012
elapsed time: 1275 seconds

